[*] Reading CVE IDs
[*] Read 70 CVE IDs.
[*] Sampling 70 CVE IDs.
[*] Preloading detailed information (references and descriptions) for all CVEs...
[+] Preloading completed, loaded data for 70 CVEs.
------------------------------------------------------------
[*] Using 20 processes to search in './pocs'...
[*] Note: File content search is limited to text files (e.g., .py, .txt, .json).

[*] All search tasks completed, consolidating and performing secondary checks...
------------------------------------------------------------
  -> Result for CVE-2021-3489 (keyword: 2021-3489)
  [-] Not found
------------------------------------------------------------
  -> Result for CVE-2021-46965 (keyword: 2021-46965)
  [-] Not found
------------------------------------------------------------
  -> Result for CVE-2021-47030 (keyword: 2021-47030)
  [-] Not found
------------------------------------------------------------
  -> Result for CVE-2021-47105 (keyword: 2021-47105)
  [-] Not found
------------------------------------------------------------
  -> Result for CVE-2021-47167 (keyword: 2021-47167)
  [-] Not found
------------------------------------------------------------
  -> Result for CVE-2021-47257 (keyword: 2021-47257)
  [-] Not found
------------------------------------------------------------
  -> Result for CVE-2021-47522 (keyword: 2021-47522)
  [-] Not found
------------------------------------------------------------
  -> Result for CVE-2021-47528 (keyword: 2021-47528)
  [-] Not found
------------------------------------------------------------
  -> Result for CVE-2021-47534 (keyword: 2021-47534)
  [-] Not found
------------------------------------------------------------
  -> Result for CVE-2021-47541 (keyword: 2021-47541)
  [-] Not found
------------------------------------------------------------
  -> Result for CVE-2021-47585 (keyword: 2021-47585)
  [-] Not found
------------------------------------------------------------
  -> Result for CVE-2022-48832 (keyword: 2022-48832)
  [-] Not found
------------------------------------------------------------
  -> Result for CVE-2022-4128 (keyword: 2022-4128)
  [-] Not found
------------------------------------------------------------
  -> Result for CVE-2022-48740 (keyword: 2022-48740)
  [-] Not found
------------------------------------------------------------
  -> Result for CVE-2022-48784 (keyword: 2022-48784)
  [-] Not found
------------------------------------------------------------
  -> Result for CVE-2022-48793 (keyword: 2022-48793)
  [-] Not found
------------------------------------------------------------
  -> Result for CVE-2022-49076 (keyword: 2022-49076)
  [-] Not found
------------------------------------------------------------
  -> Result for CVE-2022-49077 (keyword: 2022-49077)
  [-] Not found
------------------------------------------------------------
  -> Result for CVE-2022-49183 (keyword: 2022-49183)
  [-] Not found
------------------------------------------------------------
  -> Result for CVE-2022-49359 (keyword: 2022-49359)
  [-] Not found
------------------------------------------------------------
  -> Result for CVE-2022-49376 (keyword: 2022-49376)
  [-] Not found
------------------------------------------------------------
  -> Result for CVE-2022-49384 (keyword: 2022-49384)
  [-] Not found
------------------------------------------------------------
  -> Result for CVE-2022-49389 (keyword: 2022-49389)
  [-] Not found
------------------------------------------------------------
  -> Result for CVE-2022-49417 (keyword: 2022-49417)
  [-] Not found
------------------------------------------------------------
  -> Result for CVE-2022-49547 (keyword: 2022-49547)
  [-] Not found
------------------------------------------------------------
  -> Result for CVE-2022-49583 (keyword: 2022-49583)
  [-] Not found
------------------------------------------------------------
  -> Result for CVE-2022-49588 (keyword: 2022-49588)
  [-] Not found
------------------------------------------------------------
  -> Result for CVE-2022-49596 (keyword: 2022-49596)
  [-] Not found
------------------------------------------------------------
  -> Result for CVE-2022-49607 (keyword: 2022-49607)
  [-] Not found
------------------------------------------------------------
  -> Result for CVE-2022-50097 (keyword: 2022-50097)
  [-] Not found
------------------------------------------------------------
  -> Result for CVE-2022-50121 (keyword: 2022-50121)
  [-] Not found
------------------------------------------------------------
  -> Result for CVE-2023-26545 (keyword: 2023-26545)
  [-] Not found
------------------------------------------------------------
  -> Result for CVE-2023-3108 (keyword: 2023-3108)
  [-] Not found
------------------------------------------------------------
  -> Result for CVE-2023-46343 (keyword: 2023-46343)
  [-] Not found
------------------------------------------------------------
  -> Result for CVE-2023-50431 (keyword: 2023-50431)
  [-] Not found
------------------------------------------------------------
  -> Result for CVE-2023-52508 (keyword: 2023-52508)
  [-] Not found
------------------------------------------------------------
  -> Result for CVE-2023-52902 (keyword: 2023-52902)
  [-] Not found
------------------------------------------------------------
  -> Result for CVE-2023-53061 (keyword: 2023-53061)
  [-] Not found
------------------------------------------------------------
  -> Result for CVE-2023-6622 (keyword: 2023-6622)
  [-] Not found
------------------------------------------------------------
  -> Result for CVE-2023-6915 (keyword: 2023-6915)
  [-] Not found
------------------------------------------------------------
  -> Result for CVE-2024-0607 (keyword: 2024-0607)
  [-] Not found
------------------------------------------------------------
  -> Result for CVE-2024-26774 (keyword: 2024-26774)
  [-] Not found
------------------------------------------------------------
  -> Result for CVE-2024-26829 (keyword: 2024-26829)
  [-] Not found
------------------------------------------------------------
  -> Result for CVE-2024-26988 (keyword: 2024-26988)
  [-] Not found
------------------------------------------------------------
  -> Result for CVE-2024-38577 (keyword: 2024-38577)
  [-] Not found
------------------------------------------------------------
  -> Result for CVE-2024-38581 (keyword: 2024-38581)
  [-] Not found
------------------------------------------------------------
  -> Result for CVE-2024-45025 (keyword: 2024-45025)
  [-] Not found
------------------------------------------------------------
  -> Result for CVE-2024-46852 (keyword: 2024-46852)
  [-] Not found
------------------------------------------------------------
  -> Result for CVE-2024-50188 (keyword: 2024-50188)
  [-] Not found
------------------------------------------------------------
  -> Result for CVE-2024-50201 (keyword: 2024-50201)
  [-] Not found
------------------------------------------------------------
  -> Result for CVE-2024-53150 (keyword: 2024-53150)
  [-] Not found
------------------------------------------------------------
  -> Result for CVE-2025-23137 (keyword: 2025-23137)
  [-] Not found
------------------------------------------------------------
  -> Result for CVE-2025-37766 (keyword: 2025-37766)
  [-] Not found
------------------------------------------------------------
  -> Result for CVE-2025-37800 (keyword: 2025-37800)
  [-] Not found
------------------------------------------------------------
  -> Result for CVE-2025-37801 (keyword: 2025-37801)
  [-] Not found
------------------------------------------------------------
  -> Result for CVE-2025-37802 (keyword: 2025-37802)
  [-] Not found
------------------------------------------------------------
  -> Result for CVE-2025-37803 (keyword: 2025-37803)
  [-] Not found
------------------------------------------------------------
  -> Result for CVE-2025-37847 (keyword: 2025-37847)
  [-] Not found
------------------------------------------------------------
  -> Result for CVE-2025-37919 (keyword: 2025-37919)
  [-] Not found
------------------------------------------------------------
  -> Result for CVE-2025-37940 (keyword: 2025-37940)
  [-] Not found
------------------------------------------------------------
  -> Result for CVE-2024-36941 (keyword: 2024-36941)
  [-] Not found
------------------------------------------------------------
  -> Result for CVE-2023-53146 (keyword: 2023-53146)
  [-] Not found
------------------------------------------------------------
  -> Result for CVE-2021-47352 (keyword: 2021-47352)
  [-] Not found
------------------------------------------------------------
  -> Result for CVE-2022-50023 (keyword: 2022-50023)
  [-] Not found
------------------------------------------------------------
  -> Result for CVE-2022-49050 (keyword: 2022-49050)
  [-] Not found
------------------------------------------------------------
  -> Result for CVE-2022-48711 (keyword: 2022-48711)
  [-] Not found
------------------------------------------------------------
  -> Result for CVE-2021-47477 (keyword: 2021-47477)
  [-] Not found
------------------------------------------------------------
  -> Result for CVE-2024-38659 (keyword: 2024-38659)
  [-] Not found
------------------------------------------------------------
  -> Result for CVE-2024-58072 (keyword: 2024-58072)
  [-] Not found
------------------------------------------------------------
  -> Result for CVE-2022-49192 (keyword: 2022-49192)
  [-] Not found
------------------------------------------------------------

[✔] Final Summary!
Total checked: 70 CVE IDs
Total found with PoC: 0: 0.00%
Total not found with PoC: 70
